<?xml version="1.0" encoding="UTF-8"?>
<!-- Generated by org.testng.reporters.JUnitReportReporter -->
<testsuite skipped="0" hostname="LAPTOP-N0G0NBDP" name="com.qa.TestScripts.TestCase1" tests="1" failures="0" timestamp="29 May 2021 01:54:07 GMT" time="28.577" errors="0">
  <testcase name="addreebookTest" time="28.577" classname="com.qa.TestScripts.TestCase1"/>
</testsuite> <!-- com.qa.TestScripts.TestCase1 -->
